<?xml version="1.0" encoding="UTF-8"?>
<!-- Generated by org.testng.reporters.JUnitReportReporter -->
<testsuite skipped="0" hostname="Owners-MacBook-Air-3.local" name="testpage.aboutUsTests" tests="1" failures="0" timestamp="2021-05-21T16:30:33 EDT" time="6.176" errors="0">
  <testcase name="getUrl" time="6.176" classname="testpage.aboutUsTests"/>
  <system-out/>
</testsuite> <!-- testpage.aboutUsTests -->
