<?xml version="1.0" encoding="UTF-8"?>
<!-- Generated by org.testng.reporters.JUnitReportReporter -->
<testsuite skipped="0" hostname="Owners-MacBook-Air-3.local" name="testpage.aboutUsTests" tests="1" failures="0" timestamp="2021-05-26T15:58:14 EDT" time="4.868" errors="0">
  <testcase name="getUrl" time="4.868" classname="testpage.aboutUsTests"/>
  <system-out/>
</testsuite> <!-- testpage.aboutUsTests -->
